
> high-u@0.1.0 build
> next build

warn  - You are using a non-standard "NODE_ENV" value in your environment. This creates inconsistencies in the project and is strongly advised against. Read more: https://nextjs.org/docs/messages/non-standard-node-env
info  - Loaded env from D:\PAYAP\High-U-Website\user\.env.local
info  - Linting and checking validity of types...
info  - Creating an optimized production build...
info  - Compiled successfully
info  - Collecting page data...
(node:5628) ExperimentalWarning: The Fetch API is an experimental feature. This feature could change at any time
(Use `node --trace-warnings ...` to show where the warning was created)
info  - Generating static pages (0/11)
info  - Generating static pages (2/11)
getStaticProps called
cachedData: null
getStaticProps called
cachedData: null
(node:24492) ExperimentalWarning: The Fetch API is an experimental feature. This feature could change at any time
(Use `node --trace-warnings ...` to show where the warning was created)
(node:7316) ExperimentalWarning: The Fetch API is an experimental feature. This feature could change at any time
(Use `node --trace-warnings ...` to show where the warning was created)
getStaticProps called
cachedData: null
(node:19960) ExperimentalWarning: The Fetch API is an experimental feature. This feature could change at any time
(Use `node --trace-warnings ...` to show where the warning was created)
Data not found in cache
Data not found in cache
Data not found in cache
Warning: A title element received an array with more than 1 element as children. In browsers title Elements can only have Text Nodes as children. If the children being rendered output more than a single text node in aggregate the browser will display markup and comments as text in the title and hydration will likely fail and fall back to client rendering
    at title
    at head
    at Head (D:\PAYAP\High-U-Website\user\.next\server\pages\_document.js:289:1)
    at html
    at Html (D:\PAYAP\High-U-Website\user\.next\server\pages\_document.js:677:104)
    at Document (D:\PAYAP\High-U-Website\user\.next\server\pages\_document.js:24:1)
Warning: A title element received an array with more than 1 element as children. In browsers title Elements can only have Text Nodes as children. If the children being rendered output more than a single text node in aggregate the browser will display markup and comments as text in the title and hydration will likely fail and fall back to client rendering
    at title
    at head
    at Head (D:\PAYAP\High-U-Website\user\.next\server\pages\_document.js:289:1)
    at html
    at Html (D:\PAYAP\High-U-Website\user\.next\server\pages\_document.js:677:104)
    at Document (D:\PAYAP\High-U-Website\user\.next\server\pages\_document.js:24:1)
Warning: A title element received an array with more than 1 element as children. In browsers title Elements can only have Text Nodes as children. If the children being rendered output more than a single text node in aggregate the browser will display markup and comments as text in the title and hydration will likely fail and fall back to client rendering
    at title
    at head
    at Head (D:\PAYAP\High-U-Website\user\.next\server\pages\_document.js:289:1)
    at html
    at Html (D:\PAYAP\High-U-Website\user\.next\server\pages\_document.js:677:104)
    at Document (D:\PAYAP\High-U-Website\user\.next\server\pages\_document.js:24:1)
info  - Generating static pages (5/11)
getStaticProps called
cachedData: null
getStaticProps called
cachedData: null
(node:32560) ExperimentalWarning: The Fetch API is an experimental feature. This feature could change at any time
(Use `node --trace-warnings ...` to show where the warning was created)
(node:6300) ExperimentalWarning: The Fetch API is an experimental feature. This feature could change at any time
(Use `node --trace-warnings ...` to show where the warning was created)
info  - Generating static pages (8/11)
Data not found in cache
Data not found in cache
Warning: A title element received an array with more than 1 element as children. In browsers title Elements can only have Text Nodes as children. If the children being rendered output more than a single text node in aggregate the browser will display markup and comments as text in the title and hydration will likely fail and fall back to client rendering
    at title
    at head
    at Head (D:\PAYAP\High-U-Website\user\.next\server\pages\_document.js:289:1)
    at html
    at Html (D:\PAYAP\High-U-Website\user\.next\server\pages\_document.js:677:104)
    at Document (D:\PAYAP\High-U-Website\user\.next\server\pages\_document.js:24:1)
Warning: A title element received an array with more than 1 element as children. In browsers title Elements can only have Text Nodes as children. If the children being rendered output more than a single text node in aggregate the browser will display markup and comments as text in the title and hydration will likely fail and fall back to client rendering
    at title
    at head
    at Head (D:\PAYAP\High-U-Website\user\.next\server\pages\_document.js:289:1)
    at html
    at Html (D:\PAYAP\High-U-Website\user\.next\server\pages\_document.js:677:104)
    at Document (D:\PAYAP\High-U-Website\user\.next\server\pages\_document.js:24:1)
info  - Generating static pages (11/11)
info  - Finalizing page optimization...

Route (pages)                                  Size     First Load JS
┌ ○ / (2228 ms)                                4.71 kB         187 kB
├ ○ /404                                       181 B          88.3 kB
├ λ /api/auth/encryption                       0 B            88.1 kB
├ λ /api/auth/[...nextauth]                    0 B            88.1 kB
├ λ /api/auth/user_signin                      0 B            88.1 kB
├ λ /api/auth/user_signup                      0 B            88.1 kB
├ λ /api/connect_db                            0 B            88.1 kB
├ λ /api/favorite/favoriteWig                  0 B            88.1 kB
├ λ /api/favorite/getFavoriteData              0 B            88.1 kB
├ λ /api/firebaseConfig                        0 B            88.1 kB
├ λ /api/user_data/getUserData                 0 B            88.1 kB
├ λ /api/user_data/updateUserPassword          0 B            88.1 kB
├ λ /api/user_data/updateUserProfile           0 B            88.1 kB
├ λ /api/web_data/addViewWebsite               0 B            88.1 kB
├ λ /api/wig_data/addViewWig                   0 B            88.1 kB
├ λ /api/wig_data/get4WigOnHome                0 B            88.1 kB
├ λ /api/wig_data/getAllWigs                   0 B            88.1 kB
├ λ /api/wig_data/getARWigs                    0 B            88.1 kB
├ λ /api/wig_data/getOneWig                    0 B            88.1 kB
├ λ /api/wig_data/searchWigs                   0 B            88.1 kB
├   /_app                                      0 B            88.1 kB
├ λ /Favorite                                  3.9 kB          193 kB
├ λ /Profile                                   25.9 kB         226 kB
├ ○ /SignIn (2124 ms)                          3.58 kB         176 kB
├ ○ /SignUp (2167 ms)                          12.1 kB         187 kB
├ ○ /test                                      434 B          88.5 kB
├ λ /TryAR                                     2.82 kB         167 kB
├ λ /Wig                                       9.95 kB         228 kB
├   └ css/4a73ea53987a5bb5.css                 3.91 kB
└ ● /Wig/[id] (11055 ms)                       6.86 kB         216 kB
    └ css/33e268f745883b10.css                 3.16 kB
    ├ /Wig/6425d9ac348511ac5eb38c21 (3148 ms)
    ├ /Wig/6421e6b2b34d4f2e496dcfe6 (3120 ms)
    ├ /Wig/6453d15ab64a19ba558f3c0e (1617 ms)
    ├ /Wig/6453d586b64a19ba558f3c0f (1592 ms)
    └ /Wig/6450c948b3e10cf744fec085 (1578 ms)
+ First Load JS shared by all                  124 kB
  ├ chunks/framework-0271d0514da4f159.js       45.4 kB
  ├ chunks/main-f2e125da23ccdc4a.js            26.7 kB
  ├ chunks/pages/_app-c273cf066e70b368.js      15 kB
  ├ chunks/webpack-6ef43a8d4a395f49.js         999 B
  └ css/05fbbd2ba9140c1b.css                   35.7 kB

λ  (Server)  server-side renders at runtime (uses getInitialProps or getServerSideProps)
○  (Static)  automatically rendered as static HTML (uses no initial props)
●  (SSG)     automatically generated as static HTML + JSON (uses getStaticProps)

